[INFO] :: 02-03-19 01:03:54 494 [restartedMain]  org.springframework.boot.StartupInfoLogger  55  logStarting  Starting RtoApplication on RITURAJ-PC with PID 14004 (F:\ATS-ProjectWorkSpace\RTO_Application_Update\target\classes started by Rituraj in F:\ATS-ProjectWorkSpace\RTO_Application_Update)  
[INFO] :: 02-03-19 01:03:54 515 [restartedMain]  org.springframework.boot.SpringApplication  651  logStartupProfileInfo  No active profile set, falling back to default profiles: default  
[INFO] :: 02-04-19 01:04:05 935 [restartedMain]  org.hibernate.jpa.internal.util.LogHelper  31  logPersistenceUnitInformation  HHH000204: Processing PersistenceUnitInfo [name: default]  
[INFO] :: 02-04-19 01:04:06 087 [restartedMain]  org.hibernate.Version  46  logVersion  HHH000412: Hibernate Core {5.4.6.Final}  
[INFO] :: 02-04-19 01:04:06 527 [restartedMain]  org.hibernate.annotations.common.reflection.java.JavaReflectionManager  49  <clinit>  HCANN000001: Hibernate Commons Annotations {5.1.0.Final}  
[INFO] :: 02-04-19 01:04:06 702 [restartedMain]  com.zaxxer.hikari.HikariDataSource  110  getConnection  HikariPool-1 - Starting...  
[INFO] :: 02-04-19 01:04:09 059 [restartedMain]  com.zaxxer.hikari.pool.PoolBase  527  getAndSetNetworkTimeout  HikariPool-1 - Driver does not support get/set network timeout for connections. (oracle.jdbc.driver.T4CConnection.getNetworkTimeout()I)  
[INFO] :: 02-04-19 01:04:09 074 [restartedMain]  com.zaxxer.hikari.HikariDataSource  123  getConnection  HikariPool-1 - Start completed.  
[INFO] :: 02-04-19 01:04:09 165 [restartedMain]  org.hibernate.dialect.Dialect  172  <init>  HHH000400: Using dialect: org.hibernate.dialect.Oracle10gDialect  
[WARN] :: 02-04-19 01:04:10 838 [restartedMain]  org.hibernate.boot.internal.InFlightMetadataCollectorImpl  489  addIdentifierGenerator  HHH000069: Duplicate generator name ownerId_generator  
[INFO] :: 02-04-19 01:04:16 250 [restartedMain]  org.hibernate.engine.transaction.jta.platform.internal.JtaPlatformInitiator  52  initiateService  HHH000490: Using JtaPlatform implementation: [org.hibernate.engine.transaction.jta.platform.internal.NoJtaPlatform]  
[INFO] :: 02-04-19 01:04:18 553 [restartedMain]  springfox.documentation.spring.web.PropertySourcedRequestMappingHandlerMapping  69  initHandlerMethods  Mapped URL path [/v2/api-docs] onto method [springfox.documentation.swagger2.web.Swagger2Controller#getDocumentation(String, HttpServletRequest)]  
[INFO] :: 02-04-19 01:04:19 305 [restartedMain]  springfox.documentation.spring.web.plugins.DocumentationPluginsBootstrapper  160  start  Context refreshed  
[INFO] :: 02-04-19 01:04:19 355 [restartedMain]  springfox.documentation.spring.web.plugins.DocumentationPluginsBootstrapper  163  start  Found 1 custom documentation plugin(s)  
[INFO] :: 02-04-19 01:04:19 423 [restartedMain]  springfox.documentation.spring.web.scanners.ApiListingReferenceScanner  41  scan  Scanning for api listing references  
[INFO] :: 02-04-19 01:04:19 828 [restartedMain]  org.springframework.boot.StartupInfoLogger  61  logStarted  Started RtoApplication in 27.466 seconds (JVM running for 29.921)  
[WARN] :: 02-04-19 01:04:22 108 [registrationTask1]  de.codecentric.boot.admin.client.registration.ApplicationRegistrator  115  register  Failed to register application as Application(name=spring-boot-application, managementUrl=http://192.168.0.19:9090/RTOApplication/actuator, healthUrl=http://192.168.0.19:9090/RTOApplication/actuator/health, serviceUrl=http://192.168.0.19:9090/RTOApplication) at spring-boot-admin ([http://localhost:7070//instances]): I/O error on POST request for "http://localhost:7070/instances": Connection refused: connect; nested exception is java.net.ConnectException: Connection refused: connect. Further attempts are logged on DEBUG level  
[INFO] :: 02-04-19 01:04:39 678 [http-nio-9090-exec-1]  com.transport.rto.controllers.VehicleOwnerDetailsController  50  index  *****index  method  for VHCLOwnerDtlsController  Starts******  
[INFO] :: 02-04-19 01:04:39 679 [http-nio-9090-exec-1]  com.transport.rto.controllers.VehicleOwnerDetailsController  59  index  *****index  method  for VHCLOwnerDtlsController  Ends******  
[INFO] :: 02-05-19 01:05:53 255 [http-nio-9090-exec-1]  com.transport.rto.controllers.VehicleOwnerDetailsController  75  handleNextButton  *****HandleNextBtn  method  for VHCLOwnerDtlsController  Starts******  
[INFO] :: 02-05-19 01:05:53 256 [http-nio-9090-exec-1]  com.transport.rto.services.impl.VehicleOwnerDetailsServiceImpl  39  saveOwnerAddr  *******saveOwnerAddr from VehicleOwnerDetailsServiceImpl execution starts *******  
[INFO] :: 02-05-19 01:05:54 771 [http-nio-9090-exec-1]  com.transport.rto.services.impl.VehicleOwnerDetailsServiceImpl  43  saveOwnerAddr  *******saveOwnerAddr from VehicleOwnerDetailsServiceImpl executios completed *******  
[INFO] :: 02-05-19 01:05:54 772 [http-nio-9090-exec-1]  com.transport.rto.controllers.VehicleOwnerDetailsController  81  handleNextButton  *****HandleNextBtn  method  for VHCLOwnerDtlsController  Ends******  
[INFO] :: 02-05-19 01:05:54 825 [http-nio-9090-exec-10]  com.transport.rto.controllers.VehicleOwnerAddressController  47  index  *****Index method  for VHCLOwnerAddressController  starts******  
[INFO] :: 02-05-19 01:05:54 827 [http-nio-9090-exec-10]  com.transport.rto.controllers.VehicleOwnerAddressController  64  index  *****Index method  for VHCLOwnerAddressController  Ends******  
[INFO] :: 02-06-19 01:06:11 445 [http-nio-9090-exec-10]  com.transport.rto.controllers.VehicleOwnerAddressController  81  handleNextBtn  *****HandleNextBtn  method  for VHCLOwnerAddressController  starts******  
[INFO] :: 02-06-19 01:06:11 446 [http-nio-9090-exec-10]  com.transport.rto.services.impl.VehicleOwnerAddressServiceImpl  53  saveOwnerAddr  ****** saveOwnerAddr method  from VehicleOwnerAddressServiceImpl is executions starts*****  
[INFO] :: 02-06-19 01:06:11 746 [http-nio-9090-exec-10]  com.transport.rto.services.impl.VehicleOwnerAddressServiceImpl  58  saveOwnerAddr  ****** saveOwnerAddr method if block started*****  
[INFO] :: 02-06-19 01:06:11 974 [http-nio-9090-exec-10]  com.transport.rto.services.impl.VehicleOwnerAddressServiceImpl  65  saveOwnerAddr  ****** saveOwnerAddr method if block ended*****  
[INFO] :: 02-06-19 01:06:11 975 [http-nio-9090-exec-10]  com.transport.rto.services.impl.VehicleOwnerAddressServiceImpl  67  saveOwnerAddr  ****** saveOwnerAddr method  from VehicleOwnerAddressServiceImpl is execution ends*****  
[INFO] :: 02-06-19 01:06:11 977 [http-nio-9090-exec-10]  com.transport.rto.controllers.VehicleOwnerAddressController  91  handleNextBtn  *****HandleNextBtn  method  for VHCLOwnerAddressController  Ends******  
[INFO] :: 02-06-19 01:06:12 000 [http-nio-9090-exec-7]  com.transport.rto.controllers.VehicleDetailsController  47  index  ******vhcl dtls index method starts******  
[INFO] :: 02-06-19 01:06:12 002 [http-nio-9090-exec-7]  com.transport.rto.controllers.VehicleDetailsController  72  index  ******vhcl dtls index method Ends******  
[INFO] :: 02-06-19 01:06:29 301 [http-nio-9090-exec-8]  com.transport.rto.controllers.VehicleDetailsController  88  handleSubmitButton  ******vhcl dtls handleNextBtn method starts******  
[INFO] :: 02-06-19 01:06:29 302 [http-nio-9090-exec-8]  com.transport.rto.services.impl.VehicleDetailsServiceImpl  50  saveVehicleDetails  *******saveVehicleDetails from VehicleDtlsServiceImpl Execution starts *******  
[INFO] :: 02-06-19 01:06:29 310 [http-nio-9090-exec-8]  com.transport.rto.services.impl.VehicleDetailsServiceImpl  54  saveVehicleDetails  *******saveVehicleDetails method if block started *******  
[INFO] :: 02-06-19 01:06:29 456 [http-nio-9090-exec-8]  com.transport.rto.services.impl.VehicleDetailsServiceImpl  61  saveVehicleDetails  *******saveVehicleDetails method if block completed *******  
[INFO] :: 02-06-19 01:06:29 458 [http-nio-9090-exec-8]  com.transport.rto.services.impl.VehicleDetailsServiceImpl  63  saveVehicleDetails  *******saveVehicleDetails from VehicleDtlsServiceImpl Execution ends *******  
[INFO] :: 02-06-19 01:06:29 460 [http-nio-9090-exec-8]  com.transport.rto.controllers.VehicleDetailsController  93  handleSubmitButton  ******vhcl dtls handleNextBtn method Ends******  
[INFO] :: 02-06-19 01:06:29 499 [http-nio-9090-exec-2]  com.transport.rto.controllers.VehicleSummaryController  77  getAllDetails  *****GetAllDetails  method  for VHCLSummaryController  Starts******  
[INFO] :: 02-06-19 01:06:29 500 [http-nio-9090-exec-2]  com.transport.rto.services.impl.VehicleDetailsServiceImpl  73  getVehicleDetails  *******getVehicleDetails from VehicleDtlsServiceImpl Execution starts *******  
[INFO] :: 02-06-19 01:06:29 635 [http-nio-9090-exec-2]  com.transport.rto.services.impl.VehicleDetailsServiceImpl  76  getVehicleDetails  *******getVehicleDetails method If Block Called *******  
[INFO] :: 02-06-19 01:06:29 638 [http-nio-9090-exec-2]  com.transport.rto.services.impl.VehicleDetailsServiceImpl  79  getVehicleDetails  *******getVehicleDetails method If Block completed *******  
[INFO] :: 02-06-19 01:06:29 639 [http-nio-9090-exec-2]  com.transport.rto.services.impl.VehicleDetailsServiceImpl  81  getVehicleDetails  *******getVehicleDetails from VehicleDtlsServiceImpl Execution ends *******  
[INFO] :: 02-06-19 01:06:29 640 [http-nio-9090-exec-2]  com.transport.rto.services.impl.VehicleOwnerDetailsServiceImpl  51  findById  *******findById from VehicleOwnerDetailsServiceImpl execution starts *******  
[INFO] :: 02-06-19 01:06:29 643 [http-nio-9090-exec-2]  com.transport.rto.services.impl.VehicleOwnerDetailsServiceImpl  55  findById  *******findById method  if block starts  *******  
[INFO] :: 02-06-19 01:06:29 644 [http-nio-9090-exec-2]  com.transport.rto.services.impl.VehicleOwnerDetailsServiceImpl  58  findById  *******findById method if block ended *******  
[INFO] :: 02-06-19 01:06:29 645 [http-nio-9090-exec-2]  com.transport.rto.services.impl.VehicleOwnerDetailsServiceImpl  60  findById  *******findById from VehicleOwnerDetailsServiceImpl  execution ended *******  
[INFO] :: 02-06-19 01:06:29 646 [http-nio-9090-exec-2]  com.transport.rto.services.impl.VehicleOwnerAddressServiceImpl  99  findAddrbyOwnerId  ******findAddrbyOwnerId method  from VehicleOwnerAddressServiceImpl is execution Starts*****  
[INFO] :: 02-06-19 01:06:29 853 [http-nio-9090-exec-2]  com.transport.rto.services.impl.VehicleOwnerAddressServiceImpl  102  findAddrbyOwnerId  ******findAddrbyOwnerId method  if Block execute*****  
[INFO] :: 02-06-19 01:06:29 855 [http-nio-9090-exec-2]  com.transport.rto.services.impl.VehicleOwnerAddressServiceImpl  105  findAddrbyOwnerId  ******findAddrbyOwnerId method  if Block COmpleted*****  
[INFO] :: 02-06-19 01:06:29 855 [http-nio-9090-exec-2]  com.transport.rto.services.impl.VehicleOwnerAddressServiceImpl  107  findAddrbyOwnerId  ******findAddrbyOwnerId method  from VehicleOwnerAddressServiceImpl is execution Ends*****  
[INFO] :: 02-06-19 01:06:29 856 [http-nio-9090-exec-2]  com.transport.rto.controllers.VehicleSummaryController  85  getAllDetails  *****GetAllDetails  method  for VHCLSummaryController  Ends******  
[INFO] :: 02-06-19 01:06:40 455 [http-nio-9090-exec-4]  com.transport.rto.controllers.VehicleSummaryController  92  registerSubmit  *****registerSubmit  method  for VHCLSummaryController  Starts******  
[INFO] :: 02-06-19 01:06:40 457 [http-nio-9090-exec-4]  com.transport.rto.services.impl.VchlRegistrationDetailsServiceImpl  59  registration  *********registration  method  of VchlRegDtlsServiceImpl Execution starts********  
[INFO] :: 02-06-19 01:06:40 500 [http-nio-9090-exec-4]  com.transport.rto.services.impl.VchlRegistrationDetailsServiceImpl  65  registration  *********registration  method if block starts*****  
[INFO] :: 02-06-19 01:06:40 575 [http-nio-9090-exec-4]  com.transport.rto.mail.sender.MailSenderUtil  41  sendMail  ***** sendMail method  from MailSenderUtil is starts******   
[INFO] :: 02-06-19 01:06:46 694 [http-nio-9090-exec-4]  com.transport.rto.mail.sender.MailSenderUtil  54  sendMail  ***** Mail send  successFully For request******   
[INFO] :: 02-06-19 01:06:46 695 [http-nio-9090-exec-4]  com.transport.rto.mail.sender.MailSenderUtil  60  sendMail  ***** sendMail method  from MailSenderUtil is ends******   
[INFO] :: 02-06-19 01:06:46 697 [http-nio-9090-exec-4]  com.transport.rto.services.impl.VchlRegistrationDetailsServiceImpl  76  registration  *********registration  method if block completed******** mailstatus::true  
[INFO] :: 02-06-19 01:06:46 698 [http-nio-9090-exec-4]  com.transport.rto.controllers.VehicleSummaryController  97  registerSubmit  *****registerSubmit  method  for VHCLSummaryController  Ends******  
[INFO] :: 02-07-19 01:07:39 979 [http-nio-9090-exec-5]  com.transport.rto.rest.resources.VehicleRestController  55  getVehicleDetails  getVehicleDetails from rest api request is starts  
[INFO] :: 02-07-19 01:07:39 980 [http-nio-9090-exec-5]  com.transport.rto.resource.services.impl.VehicleSummaryServiceImpl  60  findVehicleDetails  *****findVehicleDetails for Rest Api  service is  starts******  
[INFO] :: 02-07-19 01:07:39 980 [http-nio-9090-exec-5]  com.transport.rto.services.impl.VchlRegistrationDetailsServiceImpl  86  findbyRegNum  *********findbyRegNum  method  of VchlRegDtlsServiceImpl Execution starts********  
[INFO] :: 02-07-19 01:07:40 206 [http-nio-9090-exec-5]  com.transport.rto.services.impl.VchlRegistrationDetailsServiceImpl  95  findbyRegNum  *********findbyRegNum  method  of VchlRegDtlsServiceImpl Execution Ends********  
[INFO] :: 02-07-19 01:07:40 215 [http-nio-9090-exec-5]  com.transport.rto.rest.resources.exce.handler.RestExceptionhandler  29  excehandle  ***** Exception Occured in Rest Api starts*****  
[INFO] :: 02-07-19 01:07:40 276 [http-nio-9090-exec-5]  com.transport.rto.rest.resources.exce.handler.RestExceptionhandler  34  excehandle  ***** Exception Occured in Rest Api ends*****  
[INFO] :: 02-07-19 01:07:51 576 [http-nio-9090-exec-8]  com.transport.rto.rest.resources.VehicleRestController  55  getVehicleDetails  getVehicleDetails from rest api request is starts  
[INFO] :: 02-07-19 01:07:51 577 [http-nio-9090-exec-8]  com.transport.rto.resource.services.impl.VehicleSummaryServiceImpl  60  findVehicleDetails  *****findVehicleDetails for Rest Api  service is  starts******  
[INFO] :: 02-07-19 01:07:51 577 [http-nio-9090-exec-8]  com.transport.rto.services.impl.VchlRegistrationDetailsServiceImpl  86  findbyRegNum  *********findbyRegNum  method  of VchlRegDtlsServiceImpl Execution starts********  
[INFO] :: 02-07-19 01:07:51 584 [http-nio-9090-exec-8]  com.transport.rto.services.impl.VchlRegistrationDetailsServiceImpl  95  findbyRegNum  *********findbyRegNum  method  of VchlRegDtlsServiceImpl Execution Ends********  
[INFO] :: 02-07-19 01:07:51 585 [http-nio-9090-exec-8]  com.transport.rto.rest.resources.exce.handler.RestExceptionhandler  29  excehandle  ***** Exception Occured in Rest Api starts*****  
[INFO] :: 02-07-19 01:07:51 586 [http-nio-9090-exec-8]  com.transport.rto.rest.resources.exce.handler.RestExceptionhandler  34  excehandle  ***** Exception Occured in Rest Api ends*****  
[INFO] :: 02-08-19 01:08:02 539 [http-nio-9090-exec-9]  com.transport.rto.rest.resources.VehicleRestController  55  getVehicleDetails  getVehicleDetails from rest api request is starts  
[INFO] :: 02-08-19 01:08:02 540 [http-nio-9090-exec-9]  com.transport.rto.resource.services.impl.VehicleSummaryServiceImpl  60  findVehicleDetails  *****findVehicleDetails for Rest Api  service is  starts******  
[INFO] :: 02-08-19 01:08:02 540 [http-nio-9090-exec-9]  com.transport.rto.services.impl.VchlRegistrationDetailsServiceImpl  86  findbyRegNum  *********findbyRegNum  method  of VchlRegDtlsServiceImpl Execution starts********  
[INFO] :: 02-08-19 01:08:02 549 [http-nio-9090-exec-9]  com.transport.rto.services.impl.VchlRegistrationDetailsServiceImpl  90  findbyRegNum  *********findbyRegNum  method If block starts********  
[INFO] :: 02-08-19 01:08:02 550 [http-nio-9090-exec-9]  com.transport.rto.services.impl.VchlRegistrationDetailsServiceImpl  93  findbyRegNum  *********findbyRegNum  method If block Ends********  
[INFO] :: 02-08-19 01:08:02 550 [http-nio-9090-exec-9]  com.transport.rto.services.impl.VchlRegistrationDetailsServiceImpl  95  findbyRegNum  *********findbyRegNum  method  of VchlRegDtlsServiceImpl Execution Ends********  
[INFO] :: 02-08-19 01:08:02 551 [http-nio-9090-exec-9]  com.transport.rto.services.impl.VehicleDetailsServiceImpl  92  findVehicleByOwnerId  *******findVehicleByOwnerId from VehicleDtlsServiceImpl Execution Starts *******  
[INFO] :: 02-08-19 01:08:02 556 [http-nio-9090-exec-9]  com.transport.rto.services.impl.VehicleDetailsServiceImpl  95  findVehicleByOwnerId  *******findVehicleByOwnerId method If block called *******  
[INFO] :: 02-08-19 01:08:02 557 [http-nio-9090-exec-9]  com.transport.rto.services.impl.VehicleDetailsServiceImpl  98  findVehicleByOwnerId  *******findVehicleByOwnerId method If block completed *******  
[INFO] :: 02-08-19 01:08:02 558 [http-nio-9090-exec-9]  com.transport.rto.services.impl.VehicleDetailsServiceImpl  100  findVehicleByOwnerId  *******findVehicleByOwnerId from VehicleDtlsServiceImpl Execution ends *******  
[INFO] :: 02-08-19 01:08:02 558 [http-nio-9090-exec-9]  com.transport.rto.services.impl.VehicleOwnerDetailsServiceImpl  51  findById  *******findById from VehicleOwnerDetailsServiceImpl execution starts *******  
[INFO] :: 02-08-19 01:08:02 560 [http-nio-9090-exec-9]  com.transport.rto.services.impl.VehicleOwnerDetailsServiceImpl  55  findById  *******findById method  if block starts  *******  
[INFO] :: 02-08-19 01:08:02 561 [http-nio-9090-exec-9]  com.transport.rto.services.impl.VehicleOwnerDetailsServiceImpl  58  findById  *******findById method if block ended *******  
[INFO] :: 02-08-19 01:08:02 561 [http-nio-9090-exec-9]  com.transport.rto.services.impl.VehicleOwnerDetailsServiceImpl  60  findById  *******findById from VehicleOwnerDetailsServiceImpl  execution ended *******  
[INFO] :: 02-08-19 01:08:02 561 [http-nio-9090-exec-9]  com.transport.rto.services.impl.VehicleOwnerAddressServiceImpl  99  findAddrbyOwnerId  ******findAddrbyOwnerId method  from VehicleOwnerAddressServiceImpl is execution Starts*****  
[INFO] :: 02-08-19 01:08:02 565 [http-nio-9090-exec-9]  com.transport.rto.services.impl.VehicleOwnerAddressServiceImpl  102  findAddrbyOwnerId  ******findAddrbyOwnerId method  if Block execute*****  
[INFO] :: 02-08-19 01:08:02 566 [http-nio-9090-exec-9]  com.transport.rto.services.impl.VehicleOwnerAddressServiceImpl  105  findAddrbyOwnerId  ******findAddrbyOwnerId method  if Block COmpleted*****  
[INFO] :: 02-08-19 01:08:02 567 [http-nio-9090-exec-9]  com.transport.rto.services.impl.VehicleOwnerAddressServiceImpl  107  findAddrbyOwnerId  ******findAddrbyOwnerId method  from VehicleOwnerAddressServiceImpl is execution Ends*****  
[INFO] :: 02-08-19 01:08:02 567 [http-nio-9090-exec-9]  com.transport.rto.resource.services.impl.VehicleSummaryServiceImpl  75  findVehicleDetails  *****findVehicleDetails for Rest Api  service is  Ends******  
[INFO] :: 02-08-19 01:08:02 567 [http-nio-9090-exec-9]  com.transport.rto.rest.resources.VehicleRestController  57  getVehicleDetails  getVehicleDetails from rest api request is ends  
[INFO] :: 02-08-19 01:08:10 921 [http-nio-9090-exec-7]  com.transport.rto.rest.resources.VehicleRestController  55  getVehicleDetails  getVehicleDetails from rest api request is starts  
[INFO] :: 02-08-19 01:08:10 921 [http-nio-9090-exec-7]  com.transport.rto.resource.services.impl.VehicleSummaryServiceImpl  60  findVehicleDetails  *****findVehicleDetails for Rest Api  service is  starts******  
[INFO] :: 02-08-19 01:08:10 922 [http-nio-9090-exec-7]  com.transport.rto.services.impl.VchlRegistrationDetailsServiceImpl  86  findbyRegNum  *********findbyRegNum  method  of VchlRegDtlsServiceImpl Execution starts********  
[INFO] :: 02-08-19 01:08:10 928 [http-nio-9090-exec-7]  com.transport.rto.services.impl.VchlRegistrationDetailsServiceImpl  90  findbyRegNum  *********findbyRegNum  method If block starts********  
[INFO] :: 02-08-19 01:08:10 929 [http-nio-9090-exec-7]  com.transport.rto.services.impl.VchlRegistrationDetailsServiceImpl  93  findbyRegNum  *********findbyRegNum  method If block Ends********  
[INFO] :: 02-08-19 01:08:10 930 [http-nio-9090-exec-7]  com.transport.rto.services.impl.VchlRegistrationDetailsServiceImpl  95  findbyRegNum  *********findbyRegNum  method  of VchlRegDtlsServiceImpl Execution Ends********  
[INFO] :: 02-08-19 01:08:10 930 [http-nio-9090-exec-7]  com.transport.rto.services.impl.VehicleDetailsServiceImpl  92  findVehicleByOwnerId  *******findVehicleByOwnerId from VehicleDtlsServiceImpl Execution Starts *******  
[INFO] :: 02-08-19 01:08:10 936 [http-nio-9090-exec-7]  com.transport.rto.services.impl.VehicleDetailsServiceImpl  95  findVehicleByOwnerId  *******findVehicleByOwnerId method If block called *******  
[INFO] :: 02-08-19 01:08:10 937 [http-nio-9090-exec-7]  com.transport.rto.services.impl.VehicleDetailsServiceImpl  98  findVehicleByOwnerId  *******findVehicleByOwnerId method If block completed *******  
[INFO] :: 02-08-19 01:08:10 937 [http-nio-9090-exec-7]  com.transport.rto.services.impl.VehicleDetailsServiceImpl  100  findVehicleByOwnerId  *******findVehicleByOwnerId from VehicleDtlsServiceImpl Execution ends *******  
[INFO] :: 02-08-19 01:08:10 938 [http-nio-9090-exec-7]  com.transport.rto.services.impl.VehicleOwnerDetailsServiceImpl  51  findById  *******findById from VehicleOwnerDetailsServiceImpl execution starts *******  
[INFO] :: 02-08-19 01:08:10 940 [http-nio-9090-exec-7]  com.transport.rto.services.impl.VehicleOwnerDetailsServiceImpl  55  findById  *******findById method  if block starts  *******  
[INFO] :: 02-08-19 01:08:10 940 [http-nio-9090-exec-7]  com.transport.rto.services.impl.VehicleOwnerDetailsServiceImpl  58  findById  *******findById method if block ended *******  
[INFO] :: 02-08-19 01:08:10 941 [http-nio-9090-exec-7]  com.transport.rto.services.impl.VehicleOwnerDetailsServiceImpl  60  findById  *******findById from VehicleOwnerDetailsServiceImpl  execution ended *******  
[INFO] :: 02-08-19 01:08:10 941 [http-nio-9090-exec-7]  com.transport.rto.services.impl.VehicleOwnerAddressServiceImpl  99  findAddrbyOwnerId  ******findAddrbyOwnerId method  from VehicleOwnerAddressServiceImpl is execution Starts*****  
[INFO] :: 02-08-19 01:08:10 945 [http-nio-9090-exec-7]  com.transport.rto.services.impl.VehicleOwnerAddressServiceImpl  102  findAddrbyOwnerId  ******findAddrbyOwnerId method  if Block execute*****  
[INFO] :: 02-08-19 01:08:10 946 [http-nio-9090-exec-7]  com.transport.rto.services.impl.VehicleOwnerAddressServiceImpl  105  findAddrbyOwnerId  ******findAddrbyOwnerId method  if Block COmpleted*****  
[INFO] :: 02-08-19 01:08:10 947 [http-nio-9090-exec-7]  com.transport.rto.services.impl.VehicleOwnerAddressServiceImpl  107  findAddrbyOwnerId  ******findAddrbyOwnerId method  from VehicleOwnerAddressServiceImpl is execution Ends*****  
[INFO] :: 02-08-19 01:08:10 947 [http-nio-9090-exec-7]  com.transport.rto.resource.services.impl.VehicleSummaryServiceImpl  75  findVehicleDetails  *****findVehicleDetails for Rest Api  service is  Ends******  
[INFO] :: 02-08-19 01:08:10 948 [http-nio-9090-exec-7]  com.transport.rto.rest.resources.VehicleRestController  57  getVehicleDetails  getVehicleDetails from rest api request is ends  
[INFO] :: 02-09-19 01:09:35 783 [RMI TCP Connection(8)-127.0.0.1]  com.zaxxer.hikari.HikariDataSource  350  close  HikariPool-1 - Shutdown initiated...  
[INFO] :: 02-09-19 01:09:35 899 [RMI TCP Connection(8)-127.0.0.1]  com.zaxxer.hikari.HikariDataSource  352  close  HikariPool-1 - Shutdown completed.  
